[INFO] Logging to logs/run_2025-10-29_00-13-50.log
[INFO] Log rotation: nothing to delete (have 2, keep 10)
[INFO] Creating virtual environment
[INFO] Virtual environment activated
[INFO] stdbuf not found; continuing without line-buffering for pip
[INFO] Installing dependencies from requirements.txt
Requirement already satisfied: praw==7.8.1 in ./.venv/lib/python3.13/site-packages (from -r Data_Extraction/Fetch/reddit_reviews_agent/requirements.txt (line 1)) (7.8.1)
Requirement already satisfied: PyYAML==6.0.2 in ./.venv/lib/python3.13/site-packages (from -r Data_Extraction/Fetch/reddit_reviews_agent/requirements.txt (line 2)) (6.0.2)
Requirement already satisfied: pytz==2024.1 in ./.venv/lib/python3.13/site-packages (from -r Data_Extraction/Fetch/reddit_reviews_agent/requirements.txt (line 3)) (2024.1)
Requirement already satisfied: tenacity==8.5.0 in ./.venv/lib/python3.13/site-packages (from -r Data_Extraction/Fetch/reddit_reviews_agent/requirements.txt (line 4)) (8.5.0)
Requirement already satisfied: prawcore<3,>=2.4 in ./.venv/lib/python3.13/site-packages (from praw==7.8.1->-r Data_Extraction/Fetch/reddit_reviews_agent/requirements.txt (line 1)) (2.4.0)
Requirement already satisfied: update_checker>=0.18 in ./.venv/lib/python3.13/site-packages (from praw==7.8.1->-r Data_Extraction/Fetch/reddit_reviews_agent/requirements.txt (line 1)) (0.18.0)
Requirement already satisfied: websocket-client>=0.54.0 in ./.venv/lib/python3.13/site-packages (from praw==7.8.1->-r Data_Extraction/Fetch/reddit_reviews_agent/requirements.txt (line 1)) (1.9.0)
Requirement already satisfied: requests<3.0,>=2.6.0 in ./.venv/lib/python3.13/site-packages (from prawcore<3,>=2.4->praw==7.8.1->-r Data_Extraction/Fetch/reddit_reviews_agent/requirements.txt (line 1)) (2.32.5)
Requirement already satisfied: charset_normalizer<4,>=2 in ./.venv/lib/python3.13/site-packages (from requests<3.0,>=2.6.0->prawcore<3,>=2.4->praw==7.8.1->-r Data_Extraction/Fetch/reddit_reviews_agent/requirements.txt (line 1)) (3.4.4)
Requirement already satisfied: idna<4,>=2.5 in ./.venv/lib/python3.13/site-packages (from requests<3.0,>=2.6.0->prawcore<3,>=2.4->praw==7.8.1->-r Data_Extraction/Fetch/reddit_reviews_agent/requirements.txt (line 1)) (3.11)
Requirement already satisfied: urllib3<3,>=1.21.1 in ./.venv/lib/python3.13/site-packages (from requests<3.0,>=2.6.0->prawcore<3,>=2.4->praw==7.8.1->-r Data_Extraction/Fetch/reddit_reviews_agent/requirements.txt (line 1)) (2.5.0)
Requirement already satisfied: certifi>=2017.4.17 in ./.venv/lib/python3.13/site-packages (from requests<3.0,>=2.6.0->prawcore<3,>=2.4->praw==7.8.1->-r Data_Extraction/Fetch/reddit_reviews_agent/requirements.txt (line 1)) (2025.10.5)

[notice] A new release of pip is available: 25.2 -> 25.3
[notice] To update, run: pip install --upgrade pip
[INFO] Starting reddit_ingest.py
/opt/homebrew/Cellar/python@3.13/3.13.7/Frameworks/Python.framework/Versions/3.13/Resources/Python.app/Contents/MacOS/Python: can't open file '/Users/jsnx/Documents/GitHub/CS-Capstone/reddit_ingest.py': [Errno 2] No such file or directory
